# JRE version: Java(TM) SE Runtime Environment (14.0+36) (build 14+36-1461)
# Java VM: Java HotSpot(TM) 64-Bit Server VM (14+36-1461, mixed mode, sharing, tiered, compressed oops, g1 gc, windows-amd64)
Heap:
 garbage-first heap   total 492544K, used 238717K [0x0000000080000000, 0x0000000100000000)
  region size 1024K, 13 young (13312K), 13 survivors (13312K)
 Metaspace       used 93082K, capacity 95454K, committed 95692K, reserved 1132544K
  class space    used 12378K, capacity 13231K, committed 13312K, reserved 1048576K
GC Heap History (20 events):
Event: 26.045 GC heap after
{Heap after GC invocations=54 (full 0):
 garbage-first heap   total 220160K, used 99151K [0x0000000080000000, 0x0000000100000000)
  region size 1024K, 7 young (7168K), 7 survivors (7168K)
 Metaspace       used 84787K, capacity 87051K, committed 87116K, reserved 1124352K
  class space    used 11268K, capacity 12109K, committed 12160K, reserved 1048576K
}
Event: 26.773 GC heap before
{Heap before GC invocations=54 (full 0):
 garbage-first heap   total 220160K, used 168783K [0x0000000080000000, 0x0000000100000000)
  region size 1024K, 76 young (77824K), 7 survivors (7168K)
 Metaspace       used 84916K, capacity 87202K, committed 87372K, reserved 1124352K
  class space    used 11279K, capacity 12115K, committed 12160K, reserved 1048576K
}
Event: 26.792 GC heap after
{Heap after GC invocations=55 (full 0):
 garbage-first heap   total 220160K, used 103542K [0x0000000080000000, 0x0000000100000000)
  region size 1024K, 4 young (4096K), 4 survivors (4096K)
 Metaspace       used 84916K, capacity 87202K, committed 87372K, reserved 1124352K
  class space    used 11279K, capacity 12115K, committed 12160K, reserved 1048576K
}
Event: 27.222 GC heap before
{Heap before GC invocations=55 (full 0):
 garbage-first heap   total 220160K, used 139382K [0x0000000080000000, 0x0000000100000000)
  region size 1024K, 41 young (41984K), 4 survivors (4096K)
 Metaspace       used 85044K, capacity 87306K, committed 87372K, reserved 1124352K
  class space    used 11291K, capacity 12121K, committed 12160K, reserved 1048576K
}
Event: 27.234 GC heap after
{Heap after GC invocations=56 (full 0):
 garbage-first heap   total 220160K, used 105590K [0x0000000080000000, 0x0000000100000000)
  region size 1024K, 6 young (6144K), 6 survivors (6144K)
 Metaspace       used 85044K, capacity 87306K, committed 87372K, reserved 1124352K
  class space    used 11291K, capacity 12121K, committed 12160K, reserved 1048576K
}
Event: 28.462 GC heap before
{Heap before GC invocations=57 (full 0):
 garbage-first heap   total 220160K, used 179318K [0x0000000080000000, 0x0000000100000000)
  region size 1024K, 75 young (76800K), 6 survivors (6144K)
 Metaspace       used 85644K, capacity 87900K, committed 88012K, reserved 1124352K
  class space    used 11368K, capacity 12195K, committed 12288K, reserved 1048576K
}
Event: 28.478 GC heap after
{Heap after GC invocations=58 (full 0):
 garbage-first heap   total 220160K, used 110591K [0x0000000080000000, 0x0000000100000000)
  region size 1024K, 8 young (8192K), 8 survivors (8192K)
 Metaspace       used 85644K, capacity 87900K, committed 88012K, reserved 1124352K
  class space    used 11368K, capacity 12195K, committed 12288K, reserved 1048576K
}
Event: 29.150 GC heap before
{Heap before GC invocations=58 (full 0):
 garbage-first heap   total 220160K, used 177151K [0x0000000080000000, 0x0000000100000000)
  region size 1024K, 74 young (75776K), 8 survivors (8192K)
 Metaspace       used 86887K, capacity 89129K, committed 89164K, reserved 1126400K
  class space    used 11556K, capacity 12391K, committed 12416K, reserved 1048576K
}
Event: 29.164 GC heap after
{Heap after GC invocations=59 (full 0):
 garbage-first heap   total 220160K, used 113541K [0x0000000080000000, 0x0000000100000000)
  region size 1024K, 8 young (8192K), 8 survivors (8192K)
 Metaspace       used 86887K, capacity 89129K, committed 89164K, reserved 1126400K
  class space    used 11556K, capacity 12391K, committed 12416K, reserved 1048576K
}
Event: 30.479 GC heap before
{Heap before GC invocations=60 (full 0):
 garbage-first heap   total 220160K, used 181125K [0x0000000080000000, 0x0000000100000000)
  region size 1024K, 75 young (76800K), 8 survivors (8192K)
 Metaspace       used 89071K, capacity 91382K, committed 91596K, reserved 1128448K
  class space    used 11853K, capacity 12692K, committed 12800K, reserved 1048576K
}
Event: 30.494 GC heap after
{Heap after GC invocations=61 (full 0):
 garbage-first heap   total 220160K, used 116480K [0x0000000080000000, 0x0000000100000000)
  region size 1024K, 6 young (6144K), 6 survivors (6144K)
 Metaspace       used 89071K, capacity 91382K, committed 91596K, reserved 1128448K
  class space    used 11853K, capacity 12692K, committed 12800K, reserved 1048576K
}
Event: 31.347 GC heap before
{Heap before GC invocations=61 (full 0):
 garbage-first heap   total 220160K, used 176896K [0x0000000080000000, 0x0000000100000000)
  region size 1024K, 67 young (68608K), 6 survivors (6144K)
 Metaspace       used 90286K, capacity 92606K, committed 92748K, reserved 1128448K
  class space    used 11985K, capacity 12840K, committed 12928K, reserved 1048576K
}
Event: 31.366 GC heap after
{Heap after GC invocations=62 (full 0):
 garbage-first heap   total 220160K, used 121588K [0x0000000080000000, 0x0000000100000000)
  region size 1024K, 8 young (8192K), 8 survivors (8192K)
 Metaspace       used 90286K, capacity 92606K, committed 92748K, reserved 1128448K
  class space    used 11985K, capacity 12840K, committed 12928K, reserved 1048576K
}
Event: 31.816 GC heap before
{Heap before GC invocations=63 (full 0):
 garbage-first heap   total 244736K, used 149236K [0x0000000080000000, 0x0000000100000000)
  region size 1024K, 23 young (23552K), 8 survivors (8192K)
 Metaspace       used 90370K, capacity 92708K, committed 93004K, reserved 1130496K
  class space    used 11994K, capacity 12846K, committed 12928K, reserved 1048576K
}
Event: 31.830 GC heap after
{Heap after GC invocations=64 (full 0):
 garbage-first heap   total 244736K, used 143505K [0x0000000080000000, 0x0000000100000000)
  region size 1024K, 8 young (8192K), 8 survivors (8192K)
 Metaspace       used 90370K, capacity 92708K, committed 93004K, reserved 1130496K
  class space    used 11994K, capacity 12846K, committed 12928K, reserved 1048576K
}
Event: 32.536 GC heap before
{Heap before GC invocations=65 (full 0):
 garbage-first heap   total 286720K, used 192657K [0x0000000080000000, 0x0000000100000000)
  region size 1024K, 45 young (46080K), 8 survivors (8192K)
 Metaspace       used 92620K, capacity 94984K, committed 95052K, reserved 1130496K
  class space    used 12317K, capacity 13160K, committed 13184K, reserved 1048576K
}
Event: 32.582 GC heap after
{Heap after GC invocations=66 (full 0):
 garbage-first heap   total 286720K, used 164953K [0x0000000080000000, 0x0000000100000000)
  region size 1024K, 8 young (8192K), 8 survivors (8192K)
 Metaspace       used 92620K, capacity 94984K, committed 95052K, reserved 1130496K
  class space    used 12317K, capacity 13160K, committed 13184K, reserved 1048576K
}
Event: 33.321 GC heap before
{Heap before GC invocations=67 (full 0):
 garbage-first heap   total 411648K, used 274521K [0x0000000080000000, 0x0000000100000000)
  region size 1024K, 63 young (64512K), 8 survivors (8192K)
 Metaspace       used 93034K, capacity 95376K, committed 95692K, reserved 1132544K
  class space    used 12368K, capacity 13226K, committed 13312K, reserved 1048576K
}
Event: 33.366 GC heap after
{Heap after GC invocations=68 (full 0):
 garbage-first heap   total 411648K, used 216230K [0x0000000080000000, 0x0000000100000000)
  region size 1024K, 9 young (9216K), 9 survivors (9216K)
 Metaspace       used 93034K, capacity 95376K, committed 95692K, reserved 1132544K
  class space    used 12368K, capacity 13226K, committed 13312K, reserved 1048576K
}
Event: 33.896 GC heap before
{Heap before GC invocations=69 (full 0):
 garbage-first heap   total 424960K, used 263334K [0x0000000080000000, 0x0000000100000000)
  region size 1024K, 52 young (53248K), 9 survivors (9216K)
 Metaspace       used 93082K, capacity 95454K, committed 95692K, reserved 1132544K
  class space    used 12378K, capacity 13231K, committed 13312K, reserved 1048576K
}

